2010-12-13 11:11:50 [ Debug    ] ----------------Compiling en.po---------------
2010-12-13 11:11:50 [ Warning  ] Above line 26: Language file  has a token () that is not defined in the interface.
2010-12-13 11:11:50 [ Debug    ] ----------------Compiling cs.po---------------
2010-12-13 11:11:50 [ Debug    ] ----------------Compiling pl.po---------------
2010-12-13 11:11:50 [ Warning  ] Above line 21: Language file  has a token () that is not defined in the interface.
2010-12-13 11:11:50 [ Warning  ] Language file is missing token (TEAM_TABLE_MEMBERS)
2010-12-13 11:11:50 [ Warning  ] Language file is missing token (FORUM_ERR_NOT_FOUND)
2010-12-13 11:11:50 [ Warning  ] Language file is missing token (FORUM_ERR_EXPAVG)
2010-12-13 11:11:50 [ Warning  ] Language file is missing token (FORUM_ERR_INTERVAL)
2010-12-13 11:11:50 [ Warning  ] Language file is missing token (FORUM_QA_POST_MESSAGE)
2010-12-13 11:11:50 [ Warning  ] Language file is missing token (FORUM_QA_POST_MESSAGE2)
2010-12-13 11:11:50 [ Warning  ] Language file is missing token (FORUM_QA_POST_MESSAGE3)
2010-12-13 11:11:50 [ Warning  ] Language file is missing token (FORUM_QA_POST_MESSAGE4)
2010-12-13 11:11:50 [ Warning  ] Language file is missing token (FORUM_QA_SUBMIT_NEW)
2010-12-13 11:11:50 [ Warning  ] Language file is missing token (FORUM_SUBMIT_NEW)
2010-12-13 11:11:50 [ Warning  ] Language file is missing token (FORUM_SUBMIT_NEW_TITLE)
2010-12-13 11:11:50 [ Warning  ] Language file is missing token (FORUM_QA_SUBMIT_NEW_HELP)
2010-12-13 11:11:50 [ Warning  ] Language file is missing token (FORUM_QA_SUBMIT_NEW_BODY_HELP)
2010-12-13 11:11:50 [ Warning  ] Language file is missing token (FORUM_ADD_MY_SIG)
2010-12-13 11:11:50 [ Warning  ] Language file is missing token (FORUM_MESSAGE)
2010-12-13 11:11:50 [ Warning  ] Language file is missing token (FORUM_QA_GOT_PROBLEM_TOO)
2010-12-13 11:11:50 [ Warning  ] Language file is missing token (FORUM_QA_QUESTION_ANSWERED)
2010-12-13 11:11:50 [ Warning  ] Language file is missing token (FORUM_HTML_INFO)
2010-12-13 11:11:50 [ Warning  ] Language file is missing token (FORUM_SEARCH_TITLES)
2010-12-13 11:11:50 [ Warning  ] Language file is missing token (FORUM_SEARCH_BODIES)
2010-12-13 11:11:50 [ Warning  ] Language file is missing token (FORUM_SEARCH_TITLES_NO)
2010-12-13 11:11:50 [ Warning  ] Language file is missing token (FORUM_SEARCH_BODIES_NO)
2010-12-13 11:11:50 [ Warning  ] Language file is missing token (LINKS_QA)
2010-12-13 11:11:50 [ Debug    ] ----------------Compiling zh_TW.po---------------
2010-12-13 11:11:50 [ Warning  ] Above line 20: Language file  has a token () that is not defined in the interface.
2010-12-13 11:11:50 [ Warning  ] Language file is missing token (TOP_PARTICIPANT_TITLE)
2010-12-13 11:11:50 [ Warning  ] Language file is missing token (USER_TABLE_RANK)
2010-12-13 11:11:50 [ Warning  ] Language file is missing token (USER_TABLE_NAME)
2010-12-13 11:11:50 [ Warning  ] Language file is missing token (USER_TABLE_TOTAL_CREDIT)
2010-12-13 11:11:50 [ Warning  ] Language file is missing token (USER_TABLE_EXPAVG)
2010-12-13 11:11:50 [ Warning  ] Language file is missing token (USER_TABLE_COUNTRY)
2010-12-13 11:11:50 [ Warning  ] Language file is missing token (USER_TABLE_PTIME)
2010-12-13 11:11:50 [ Warning  ] Language file is missing token (TOP_TEAMS_TITLE)
2010-12-13 11:11:50 [ Warning  ] Language file is missing token (TEAM_TABLE_MEMBERS)
2010-12-13 11:11:50 [ Warning  ] Language file is missing token (FORUM_ERR_NOT_FOUND)
2010-12-13 11:11:50 [ Warning  ] Language file is missing token (FORUM_ERR_EXPAVG)
2010-12-13 11:11:50 [ Warning  ] Language file is missing token (FORUM_ERR_INTERVAL)
2010-12-13 11:11:50 [ Warning  ] Language file is missing token (FORUM_QA_POST_MESSAGE)
2010-12-13 11:11:50 [ Warning  ] Language file is missing token (FORUM_QA_POST_MESSAGE2)
2010-12-13 11:11:50 [ Warning  ] Language file is missing token (FORUM_QA_POST_MESSAGE3)
2010-12-13 11:11:50 [ Warning  ] Language file is missing token (FORUM_QA_POST_MESSAGE4)
2010-12-13 11:11:50 [ Warning  ] Language file is missing token (FORUM_QA_SUBMIT_NEW)
2010-12-13 11:11:50 [ Warning  ] Language file is missing token (FORUM_SUBMIT_NEW)
2010-12-13 11:11:50 [ Warning  ] Language file is missing token (FORUM_SUBMIT_NEW_TITLE)
2010-12-13 11:11:50 [ Warning  ] Language file is missing token (FORUM_QA_SUBMIT_NEW_HELP)
2010-12-13 11:11:50 [ Warning  ] Language file is missing token (FORUM_QA_SUBMIT_NEW_BODY_HELP)
2010-12-13 11:11:50 [ Warning  ] Language file is missing token (FORUM_ADD_MY_SIG)
2010-12-13 11:11:50 [ Warning  ] Language file is missing token (FORUM_MESSAGE)
2010-12-13 11:11:50 [ Warning  ] Language file is missing token (FORUM_QA_GOT_PROBLEM_TOO)
2010-12-13 11:11:50 [ Warning  ] Language file is missing token (FORUM_QA_QUESTION_ANSWERED)
2010-12-13 11:11:50 [ Warning  ] Language file is missing token (FORUM_HTML_INFO)
2010-12-13 11:11:50 [ Warning  ] Language file is missing token (FORUM_SEARCH_TITLES)
2010-12-13 11:11:50 [ Warning  ] Language file is missing token (FORUM_SEARCH_BODIES)
2010-12-13 11:11:50 [ Warning  ] Language file is missing token (FORUM_SEARCH_TITLES_NO)
2010-12-13 11:11:50 [ Warning  ] Language file is missing token (FORUM_SEARCH_BODIES_NO)
2010-12-13 11:11:50 [ Warning  ] Language file is missing token (LINKS_QA)
2010-12-13 11:11:50 [ Debug    ] ----------------Compiling da.po---------------
2010-12-13 11:11:50 [ Warning  ] Language file is missing token (CHARSET)
2010-12-13 11:11:50 [ Warning  ] Language file is missing token (RULES_TITLE)
2010-12-13 11:11:50 [ Warning  ] Language file is missing token (RULES_ONLY_AUTH)
2010-12-13 11:11:50 [ Warning  ] Language file is missing token (RULES_COMPUTER_USE)
2010-12-13 11:11:50 [ Warning  ] Language file is missing token (RULES_COMPUTER_USE_TEXT_A)
2010-12-13 11:11:50 [ Warning  ] Language file is missing token (RULES_COMPUTER_USE_TEXT_B)
2010-12-13 11:11:50 [ Warning  ] Language file is missing token (RULES_PRIVACY)
2010-12-13 11:11:50 [ Warning  ] Language file is missing token (RULES_PRIVACY_TEXT_A)
2010-12-13 11:11:50 [ Warning  ] Language file is missing token (RULES_PRIVACY_TEXT_B)
2010-12-13 11:11:50 [ Warning  ] Language file is missing token (RULES_PRIVACY_TEXT_C)
2010-12-13 11:11:50 [ Warning  ] Language file is missing token (RULES_SAFE)
2010-12-13 11:11:50 [ Warning  ] Language file is missing token (RULES_SAFE_TEXT_A)
2010-12-13 11:11:50 [ Warning  ] Language file is missing token (RULES_SAFE_TEXT_B)
2010-12-13 11:11:50 [ Warning  ] Language file is missing token (RULES_UTILITY_PROGRAM)
2010-12-13 11:11:50 [ Warning  ] Language file is missing token (RULES_SAFE_TEXT_C)
2010-12-13 11:11:50 [ Warning  ] Language file is missing token (RULES_LIABILITY)
2010-12-13 11:11:50 [ Warning  ] Language file is missing token (RULES_LIABILITY_TEXT)
2010-12-13 11:11:50 [ Warning  ] Language file is missing token (RULES_OTHER)
2010-12-13 11:11:50 [ Warning  ] Language file is missing token (RULES_OTHER_TEXT_A)
2010-12-13 11:11:50 [ Warning  ] Language file is missing token (RULES_OTHER_TEXT_B)
2010-12-13 11:11:50 [ Warning  ] Language file is missing token (CREATE_AC_TITLE)
2010-12-13 11:11:50 [ Warning  ] Language file is missing token (CREATE_AC_READ_RULES)
2010-12-13 11:11:50 [ Warning  ] Language file is missing token (CREATE_AC_ALREADY_GOT)
2010-12-13 11:11:50 [ Warning  ] Language file is missing token (CREATE_AC_NAME)
2010-12-13 11:11:50 [ Warning  ] Language file is missing token (CREATE_AC_NAME_DESC)
2010-12-13 11:11:50 [ Warning  ] Language file is missing token (CREATE_AC_EMAIL)
2010-12-13 11:11:50 [ Warning  ] Language file is missing token (CREATE_AC_EMAIL_DESC)
2010-12-13 11:11:50 [ Warning  ] Language file is missing token (CREATE_AC_COUNTRY)
2010-12-13 11:11:50 [ Warning  ] Language file is missing token (CREATE_AC_COUNTRY_DESC)
2010-12-13 11:11:50 [ Warning  ] Language file is missing token (CREATE_AC_ZIP)
2010-12-13 11:11:50 [ Warning  ] Language file is missing token (CREATE_AC_CREATE)
2010-12-13 11:11:50 [ Warning  ] Language file is missing token (CREATE_AC_DISABLED)
2010-12-13 11:11:50 [ Warning  ] Language file is missing token (CREATE_AC_DISABLED_TEXT)
2010-12-13 11:11:50 [ Warning  ] Language file is missing token (CREATE_AC_TEAM)
2010-12-13 11:11:50 [ Warning  ] Language file is missing token (AC_READY_TITLE)
2010-12-13 11:11:50 [ Warning  ] Language file is missing token (AC_READY_WELCOME)
2010-12-13 11:11:50 [ Warning  ] Language file is missing token (AC_READY_PASTE)
2010-12-13 11:11:50 [ Warning  ] Language file is missing token (AC_READY_CLICK)
2010-12-13 11:11:50 [ Warning  ] Language file is missing token (AC_SETUP_TITLE)
2010-12-13 11:11:50 [ Warning  ] Language file is missing token (AC_SETUP_USES_BOINC)
2010-12-13 11:11:50 [ Warning  ] Language file is missing token (AC_SETUP_DIVISION)
2010-12-13 11:11:50 [ Warning  ] Language file is missing token (AC_SETUP_ISFIRST)
2010-12-13 11:11:50 [ Warning  ] Language file is missing token (AC_SETUP_FIRST)
2010-12-13 11:11:50 [ Warning  ] Language file is missing token (AC_SETUP_NONFIRST)
2010-12-13 11:11:50 [ Warning  ] Language file is missing token (AC_FIRST_TITLE)
2010-12-13 11:11:50 [ Warning  ] Language file is missing token (AC_FIRST_CONTROL)
2010-12-13 11:11:50 [ Warning  ] Language file is missing token (AC_FIRST_DEFAULT)
2010-12-13 11:11:50 [ Warning  ] Language file is missing token (AC_DONE_TITLE)
2010-12-13 11:11:50 [ Warning  ] Language file is missing token (AC_DONE_COMPLETE)
2010-12-13 11:11:50 [ Warning  ] Language file is missing token (AC_DONE_BOINC)
2010-12-13 11:11:50 [ Warning  ] Language file is missing token (AC_DONE_URL)
2010-12-13 11:11:50 [ Warning  ] Language file is missing token (AC_DONE_COPYPASTE)
2010-12-13 11:11:50 [ Warning  ] Language file is missing token (AC_DONE_GETDOWNLOAD)
2010-12-13 11:11:50 [ Warning  ] Language file is missing token (AC_DONE_DL_BOINC)
2010-12-13 11:11:50 [ Warning  ] Language file is missing token (AC_DONE_THANKS)
2010-12-13 11:11:50 [ Warning  ] Language file is missing token (AC_NONFIRST_TITLE)
2010-12-13 11:11:50 [ Warning  ] Language file is missing token (AC_DONE_MUST_USE)
2010-12-13 11:11:50 [ Warning  ] Language file is missing token (AC_DONE_WIN)
2010-12-13 11:11:50 [ Warning  ] Language file is missing token (AC_DONE_WIN_TEXT)
2010-12-13 11:11:50 [ Warning  ] Language file is missing token (AC_DONE_UNIX)
2010-12-13 11:11:50 [ Warning  ] Language file is missing token (AC_DONE_UNIX_TEXT)
2010-12-13 11:11:50 [ Warning  ] Language file is missing token (AC_DONE_ANYCASE)
2010-12-13 11:11:50 [ Warning  ] Language file is missing token (AC_DONE_INSTALLED)
2010-12-13 11:11:50 [ Warning  ] Language file is missing token (FORUM_TITLE)
2010-12-13 11:11:50 [ Warning  ] Language file is missing token (AC_CREATED_TITLE)
2010-12-13 11:11:50 [ Warning  ] Language file is missing token (OPTIONAL)
2010-12-13 11:11:50 [ Warning  ] Language file is missing token (TOP_PARTICIPANT_TITLE)
2010-12-13 11:11:50 [ Warning  ] Language file is missing token (USER_TABLE_RANK)
2010-12-13 11:11:50 [ Warning  ] Language file is missing token (USER_TABLE_NAME)
2010-12-13 11:11:50 [ Warning  ] Language file is missing token (USER_TABLE_TOTAL_CREDIT)
2010-12-13 11:11:50 [ Warning  ] Language file is missing token (USER_TABLE_EXPAVG)
2010-12-13 11:11:50 [ Warning  ] Language file is missing token (USER_TABLE_COUNTRY)
2010-12-13 11:11:50 [ Warning  ] Language file is missing token (USER_TABLE_PTIME)
2010-12-13 11:11:50 [ Warning  ] Language file is missing token (TOP_TEAMS_TITLE)
2010-12-13 11:11:50 [ Warning  ] Language file is missing token (TEAM_TABLE_MEMBERS)
2010-12-13 11:11:50 [ Warning  ] Language file is missing token (FORUM_ERR_NOT_FOUND)
2010-12-13 11:11:50 [ Warning  ] Language file is missing token (FORUM_ERR_EXPAVG)
2010-12-13 11:11:50 [ Warning  ] Language file is missing token (FORUM_ERR_INTERVAL)
2010-12-13 11:11:50 [ Warning  ] Language file is missing token (FORUM_QA_POST_MESSAGE)
2010-12-13 11:11:50 [ Warning  ] Language file is missing token (FORUM_QA_POST_MESSAGE2)
2010-12-13 11:11:50 [ Warning  ] Language file is missing token (FORUM_QA_POST_MESSAGE3)
2010-12-13 11:11:50 [ Warning  ] Language file is missing token (FORUM_QA_POST_MESSAGE4)
2010-12-13 11:11:50 [ Warning  ] Language file is missing token (FORUM_QA_SUBMIT_NEW)
2010-12-13 11:11:50 [ Warning  ] Language file is missing token (FORUM_SUBMIT_NEW)
2010-12-13 11:11:50 [ Warning  ] Language file is missing token (FORUM_SUBMIT_NEW_TITLE)
2010-12-13 11:11:50 [ Warning  ] Language file is missing token (FORUM_QA_SUBMIT_NEW_HELP)
2010-12-13 11:11:50 [ Warning  ] Language file is missing token (FORUM_QA_SUBMIT_NEW_BODY_HELP)
2010-12-13 11:11:50 [ Warning  ] Language file is missing token (FORUM_ADD_MY_SIG)
2010-12-13 11:11:50 [ Warning  ] Language file is missing token (FORUM_MESSAGE)
2010-12-13 11:11:50 [ Warning  ] Language file is missing token (FORUM_QA_GOT_PROBLEM_TOO)
2010-12-13 11:11:50 [ Warning  ] Language file is missing token (FORUM_QA_QUESTION_ANSWERED)
2010-12-13 11:11:50 [ Warning  ] Language file is missing token (FORUM_HTML_INFO)
2010-12-13 11:11:50 [ Warning  ] Language file is missing token (FORUM_SEARCH_TITLES)
2010-12-13 11:11:50 [ Warning  ] Language file is missing token (FORUM_SEARCH_BODIES)
2010-12-13 11:11:50 [ Warning  ] Language file is missing token (FORUM_SEARCH_TITLES_NO)
2010-12-13 11:11:50 [ Warning  ] Language file is missing token (FORUM_SEARCH_BODIES_NO)
2010-12-13 11:11:50 [ Warning  ] Language file is missing token (LINKS_QA)
2010-12-13 11:11:50 [ Debug    ] ----------------Compiling fr_CA.po---------------
2010-12-13 11:11:50 [ Warning  ] Language file is missing token (FORUM_TITLE)
2010-12-13 11:11:50 [ Warning  ] Language file is missing token (TOP_PARTICIPANT_TITLE)
2010-12-13 11:11:50 [ Warning  ] Language file is missing token (USER_TABLE_RANK)
2010-12-13 11:11:50 [ Warning  ] Language file is missing token (USER_TABLE_NAME)
2010-12-13 11:11:50 [ Warning  ] Language file is missing token (USER_TABLE_TOTAL_CREDIT)
2010-12-13 11:11:50 [ Warning  ] Language file is missing token (USER_TABLE_EXPAVG)
2010-12-13 11:11:50 [ Warning  ] Language file is missing token (USER_TABLE_COUNTRY)
2010-12-13 11:11:50 [ Warning  ] Language file is missing token (USER_TABLE_PTIME)
2010-12-13 11:11:50 [ Warning  ] Language file is missing token (TOP_TEAMS_TITLE)
2010-12-13 11:11:50 [ Warning  ] Language file is missing token (TEAM_TABLE_MEMBERS)
2010-12-13 11:11:50 [ Warning  ] Language file is missing token (FORUM_ERR_NOT_FOUND)
2010-12-13 11:11:50 [ Warning  ] Language file is missing token (FORUM_ERR_EXPAVG)
2010-12-13 11:11:50 [ Warning  ] Language file is missing token (FORUM_ERR_INTERVAL)
2010-12-13 11:11:50 [ Warning  ] Language file is missing token (FORUM_QA_POST_MESSAGE)
2010-12-13 11:11:50 [ Warning  ] Language file is missing token (FORUM_QA_POST_MESSAGE2)
2010-12-13 11:11:50 [ Warning  ] Language file is missing token (FORUM_QA_POST_MESSAGE3)
2010-12-13 11:11:50 [ Warning  ] Language file is missing token (FORUM_QA_POST_MESSAGE4)
2010-12-13 11:11:50 [ Warning  ] Language file is missing token (FORUM_QA_SUBMIT_NEW)
2010-12-13 11:11:50 [ Warning  ] Language file is missing token (FORUM_SUBMIT_NEW)
2010-12-13 11:11:50 [ Warning  ] Language file is missing token (FORUM_SUBMIT_NEW_TITLE)
2010-12-13 11:11:50 [ Warning  ] Language file is missing token (FORUM_QA_SUBMIT_NEW_HELP)
2010-12-13 11:11:50 [ Warning  ] Language file is missing token (FORUM_QA_SUBMIT_NEW_BODY_HELP)
2010-12-13 11:11:50 [ Warning  ] Language file is missing token (FORUM_ADD_MY_SIG)
2010-12-13 11:11:50 [ Warning  ] Language file is missing token (FORUM_MESSAGE)
2010-12-13 11:11:50 [ Warning  ] Language file is missing token (FORUM_QA_GOT_PROBLEM_TOO)
2010-12-13 11:11:50 [ Warning  ] Language file is missing token (FORUM_QA_QUESTION_ANSWERED)
2010-12-13 11:11:50 [ Warning  ] Language file is missing token (FORUM_HTML_INFO)
2010-12-13 11:11:50 [ Warning  ] Language file is missing token (FORUM_SEARCH_TITLES)
2010-12-13 11:11:50 [ Warning  ] Language file is missing token (FORUM_SEARCH_BODIES)
2010-12-13 11:11:50 [ Warning  ] Language file is missing token (FORUM_SEARCH_TITLES_NO)
2010-12-13 11:11:50 [ Warning  ] Language file is missing token (FORUM_SEARCH_BODIES_NO)
2010-12-13 11:11:50 [ Warning  ] Language file is missing token (LINKS_QA)
2010-12-13 11:11:50 [ Debug    ] ----------------Compiling ja.po---------------
2010-12-13 11:11:50 [ Warning  ] Above line 19: Language file  has a token () that is not defined in the interface.
2010-12-13 11:11:50 [ Warning  ] Language file is missing token (FORUM_TITLE)
2010-12-13 11:11:50 [ Warning  ] Language file is missing token (TOP_PARTICIPANT_TITLE)
2010-12-13 11:11:50 [ Warning  ] Language file is missing token (USER_TABLE_RANK)
2010-12-13 11:11:50 [ Warning  ] Language file is missing token (USER_TABLE_NAME)
2010-12-13 11:11:50 [ Warning  ] Language file is missing token (USER_TABLE_TOTAL_CREDIT)
2010-12-13 11:11:50 [ Warning  ] Language file is missing token (USER_TABLE_EXPAVG)
2010-12-13 11:11:50 [ Warning  ] Language file is missing token (USER_TABLE_COUNTRY)
2010-12-13 11:11:50 [ Warning  ] Language file is missing token (USER_TABLE_PTIME)
2010-12-13 11:11:50 [ Warning  ] Language file is missing token (TOP_TEAMS_TITLE)
2010-12-13 11:11:50 [ Warning  ] Language file is missing token (TEAM_TABLE_MEMBERS)
2010-12-13 11:11:50 [ Warning  ] Language file is missing token (FORUM_ERR_NOT_FOUND)
2010-12-13 11:11:50 [ Warning  ] Language file is missing token (FORUM_ERR_EXPAVG)
2010-12-13 11:11:50 [ Warning  ] Language file is missing token (FORUM_ERR_INTERVAL)
2010-12-13 11:11:50 [ Warning  ] Language file is missing token (FORUM_QA_POST_MESSAGE)
2010-12-13 11:11:50 [ Warning  ] Language file is missing token (FORUM_QA_POST_MESSAGE2)
2010-12-13 11:11:50 [ Warning  ] Language file is missing token (FORUM_QA_POST_MESSAGE3)
2010-12-13 11:11:50 [ Warning  ] Language file is missing token (FORUM_QA_POST_MESSAGE4)
2010-12-13 11:11:50 [ Warning  ] Language file is missing token (FORUM_QA_SUBMIT_NEW)
2010-12-13 11:11:50 [ Warning  ] Language file is missing token (FORUM_SUBMIT_NEW)
2010-12-13 11:11:50 [ Warning  ] Language file is missing token (FORUM_SUBMIT_NEW_TITLE)
2010-12-13 11:11:50 [ Warning  ] Language file is missing token (FORUM_QA_SUBMIT_NEW_HELP)
2010-12-13 11:11:50 [ Warning  ] Language file is missing token (FORUM_QA_SUBMIT_NEW_BODY_HELP)
2010-12-13 11:11:50 [ Warning  ] Language file is missing token (FORUM_ADD_MY_SIG)
2010-12-13 11:11:50 [ Warning  ] Language file is missing token (FORUM_MESSAGE)
2010-12-13 11:11:50 [ Warning  ] Language file is missing token (FORUM_QA_GOT_PROBLEM_TOO)
2010-12-13 11:11:50 [ Warning  ] Language file is missing token (FORUM_QA_QUESTION_ANSWERED)
2010-12-13 11:11:50 [ Warning  ] Language file is missing token (FORUM_HTML_INFO)
2010-12-13 11:11:50 [ Warning  ] Language file is missing token (FORUM_SEARCH_TITLES)
2010-12-13 11:11:50 [ Warning  ] Language file is missing token (FORUM_SEARCH_BODIES)
2010-12-13 11:11:50 [ Warning  ] Language file is missing token (FORUM_SEARCH_TITLES_NO)
2010-12-13 11:11:50 [ Warning  ] Language file is missing token (FORUM_SEARCH_BODIES_NO)
2010-12-13 11:11:50 [ Warning  ] Language file is missing token (LINKS_QA)
2010-12-13 11:11:50 [ Debug    ] ----------------Compiling zh_CN.po---------------
2010-12-13 11:11:50 [ Warning  ] Above line 25: Language file  has a token () that is not defined in the interface.
2010-12-13 11:11:50 [ Debug    ] ----------------Compiling ru.po---------------
2010-12-13 11:11:50 [ Warning  ] Language file is missing token (TEAM_TABLE_MEMBERS)
2010-12-13 11:11:50 [ Warning  ] Language file is missing token (FORUM_ERR_NOT_FOUND)
2010-12-13 11:11:50 [ Warning  ] Language file is missing token (FORUM_ERR_EXPAVG)
2010-12-13 11:11:50 [ Warning  ] Language file is missing token (FORUM_ERR_INTERVAL)
2010-12-13 11:11:50 [ Warning  ] Language file is missing token (FORUM_QA_POST_MESSAGE)
2010-12-13 11:11:50 [ Warning  ] Language file is missing token (FORUM_QA_POST_MESSAGE2)
2010-12-13 11:11:50 [ Warning  ] Language file is missing token (FORUM_QA_POST_MESSAGE3)
2010-12-13 11:11:50 [ Warning  ] Language file is missing token (FORUM_QA_POST_MESSAGE4)
2010-12-13 11:11:50 [ Warning  ] Language file is missing token (FORUM_QA_SUBMIT_NEW)
2010-12-13 11:11:50 [ Warning  ] Language file is missing token (FORUM_SUBMIT_NEW)
2010-12-13 11:11:50 [ Warning  ] Language file is missing token (FORUM_SUBMIT_NEW_TITLE)
2010-12-13 11:11:50 [ Warning  ] Language file is missing token (FORUM_QA_SUBMIT_NEW_HELP)
2010-12-13 11:11:50 [ Warning  ] Language file is missing token (FORUM_QA_SUBMIT_NEW_BODY_HELP)
2010-12-13 11:11:50 [ Warning  ] Language file is missing token (FORUM_ADD_MY_SIG)
2010-12-13 11:11:50 [ Warning  ] Language file is missing token (FORUM_MESSAGE)
2010-12-13 11:11:50 [ Warning  ] Language file is missing token (FORUM_QA_GOT_PROBLEM_TOO)
2010-12-13 11:11:50 [ Warning  ] Language file is missing token (FORUM_QA_QUESTION_ANSWERED)
2010-12-13 11:11:50 [ Warning  ] Language file is missing token (FORUM_HTML_INFO)
2010-12-13 11:11:50 [ Warning  ] Language file is missing token (FORUM_SEARCH_TITLES)
2010-12-13 11:11:50 [ Warning  ] Language file is missing token (FORUM_SEARCH_BODIES)
2010-12-13 11:11:50 [ Warning  ] Language file is missing token (FORUM_SEARCH_TITLES_NO)
2010-12-13 11:11:50 [ Warning  ] Language file is missing token (FORUM_SEARCH_BODIES_NO)
2010-12-13 11:11:50 [ Warning  ] Language file is missing token (LINKS_QA)
2010-12-13 11:11:50 [ Debug    ] ----------------Compiling ca.po---------------
2010-12-13 11:11:50 [ Warning  ] Language file is missing token (TOP_TEAMS_TITLE)
2010-12-13 11:11:50 [ Warning  ] Language file is missing token (TEAM_TABLE_MEMBERS)
2010-12-13 11:11:50 [ Warning  ] Language file is missing token (FORUM_ERR_NOT_FOUND)
2010-12-13 11:11:50 [ Warning  ] Language file is missing token (FORUM_ERR_EXPAVG)
2010-12-13 11:11:50 [ Warning  ] Language file is missing token (FORUM_ERR_INTERVAL)
2010-12-13 11:11:50 [ Warning  ] Language file is missing token (FORUM_QA_POST_MESSAGE)
2010-12-13 11:11:50 [ Warning  ] Language file is missing token (FORUM_QA_POST_MESSAGE2)
2010-12-13 11:11:50 [ Warning  ] Language file is missing token (FORUM_QA_POST_MESSAGE3)
2010-12-13 11:11:50 [ Warning  ] Language file is missing token (FORUM_QA_POST_MESSAGE4)
2010-12-13 11:11:50 [ Warning  ] Language file is missing token (FORUM_QA_SUBMIT_NEW)
2010-12-13 11:11:50 [ Warning  ] Language file is missing token (FORUM_SUBMIT_NEW)
2010-12-13 11:11:50 [ Warning  ] Language file is missing token (FORUM_SUBMIT_NEW_TITLE)
2010-12-13 11:11:50 [ Warning  ] Language file is missing token (FORUM_QA_SUBMIT_NEW_HELP)
2010-12-13 11:11:50 [ Warning  ] Language file is missing token (FORUM_QA_SUBMIT_NEW_BODY_HELP)
2010-12-13 11:11:50 [ Warning  ] Language file is missing token (FORUM_ADD_MY_SIG)
2010-12-13 11:11:50 [ Warning  ] Language file is missing token (FORUM_MESSAGE)
2010-12-13 11:11:50 [ Warning  ] Language file is missing token (FORUM_QA_GOT_PROBLEM_TOO)
2010-12-13 11:11:50 [ Warning  ] Language file is missing token (FORUM_QA_QUESTION_ANSWERED)
2010-12-13 11:11:50 [ Warning  ] Language file is missing token (FORUM_HTML_INFO)
2010-12-13 11:11:50 [ Warning  ] Language file is missing token (FORUM_SEARCH_TITLES)
2010-12-13 11:11:50 [ Warning  ] Language file is missing token (FORUM_SEARCH_BODIES)
2010-12-13 11:11:50 [ Warning  ] Language file is missing token (FORUM_SEARCH_TITLES_NO)
2010-12-13 11:11:50 [ Warning  ] Language file is missing token (FORUM_SEARCH_BODIES_NO)
2010-12-13 11:11:50 [ Warning  ] Language file is missing token (LINKS_QA)
2010-12-13 11:11:50 [ Debug    ] ----------------Compiling sv.po---------------
2010-12-13 11:11:50 [ Warning  ] Above line 22: Language file  has a token () that is not defined in the interface.
2010-12-13 11:11:50 [ Debug    ] ----------------Compiling ro.po---------------
2010-12-13 11:11:50 [ Warning  ] Above line 24: Language file  has a token () that is not defined in the interface.
2010-12-13 11:11:50 [ Warning  ] Language file is missing token (FORUM_ERR_NOT_FOUND)
2010-12-13 11:11:50 [ Warning  ] Language file is missing token (FORUM_ERR_EXPAVG)
2010-12-13 11:11:50 [ Warning  ] Language file is missing token (FORUM_ERR_INTERVAL)
2010-12-13 11:11:50 [ Warning  ] Language file is missing token (FORUM_QA_POST_MESSAGE)
2010-12-13 11:11:50 [ Warning  ] Language file is missing token (FORUM_QA_POST_MESSAGE2)
2010-12-13 11:11:50 [ Warning  ] Language file is missing token (FORUM_QA_POST_MESSAGE3)
2010-12-13 11:11:50 [ Warning  ] Language file is missing token (FORUM_QA_POST_MESSAGE4)
2010-12-13 11:11:50 [ Warning  ] Language file is missing token (FORUM_QA_SUBMIT_NEW)
2010-12-13 11:11:50 [ Warning  ] Language file is missing token (FORUM_SUBMIT_NEW)
2010-12-13 11:11:50 [ Warning  ] Language file is missing token (FORUM_SUBMIT_NEW_TITLE)
2010-12-13 11:11:50 [ Warning  ] Language file is missing token (FORUM_QA_SUBMIT_NEW_HELP)
2010-12-13 11:11:50 [ Warning  ] Language file is missing token (FORUM_QA_SUBMIT_NEW_BODY_HELP)
2010-12-13 11:11:50 [ Warning  ] Language file is missing token (FORUM_ADD_MY_SIG)
2010-12-13 11:11:50 [ Warning  ] Language file is missing token (FORUM_MESSAGE)
2010-12-13 11:11:50 [ Warning  ] Language file is missing token (FORUM_QA_GOT_PROBLEM_TOO)
2010-12-13 11:11:50 [ Warning  ] Language file is missing token (FORUM_QA_QUESTION_ANSWERED)
2010-12-13 11:11:50 [ Warning  ] Language file is missing token (FORUM_HTML_INFO)
2010-12-13 11:11:50 [ Warning  ] Language file is missing token (LINKS_QA)
2010-12-13 11:11:50 [ Debug    ] ----------------Compiling pt.po---------------
2010-12-13 11:11:50 [ Warning  ] Above line 24: Language file  has a token () that is not defined in the interface.
2010-12-13 11:11:50 [ Warning  ] Language file is missing token (TOP_PARTICIPANT_TITLE)
2010-12-13 11:11:50 [ Warning  ] Language file is missing token (USER_TABLE_RANK)
2010-12-13 11:11:50 [ Warning  ] Language file is missing token (USER_TABLE_NAME)
2010-12-13 11:11:50 [ Warning  ] Language file is missing token (USER_TABLE_TOTAL_CREDIT)
2010-12-13 11:11:50 [ Warning  ] Language file is missing token (USER_TABLE_EXPAVG)
2010-12-13 11:11:50 [ Warning  ] Language file is missing token (USER_TABLE_COUNTRY)
2010-12-13 11:11:50 [ Warning  ] Language file is missing token (USER_TABLE_PTIME)
2010-12-13 11:11:50 [ Warning  ] Language file is missing token (TOP_TEAMS_TITLE)
2010-12-13 11:11:50 [ Warning  ] Language file is missing token (TEAM_TABLE_MEMBERS)
2010-12-13 11:11:50 [ Warning  ] Language file is missing token (FORUM_ERR_NOT_FOUND)
2010-12-13 11:11:50 [ Warning  ] Language file is missing token (FORUM_ERR_EXPAVG)
2010-12-13 11:11:50 [ Warning  ] Language file is missing token (FORUM_ERR_INTERVAL)
2010-12-13 11:11:50 [ Warning  ] Language file is missing token (FORUM_QA_POST_MESSAGE)
2010-12-13 11:11:50 [ Warning  ] Language file is missing token (FORUM_QA_POST_MESSAGE2)
2010-12-13 11:11:50 [ Warning  ] Language file is missing token (FORUM_QA_POST_MESSAGE3)
2010-12-13 11:11:50 [ Warning  ] Language file is missing token (FORUM_QA_POST_MESSAGE4)
2010-12-13 11:11:50 [ Warning  ] Language file is missing token (FORUM_QA_SUBMIT_NEW)
2010-12-13 11:11:50 [ Warning  ] Language file is missing token (FORUM_SUBMIT_NEW)
2010-12-13 11:11:50 [ Warning  ] Language file is missing token (FORUM_SUBMIT_NEW_TITLE)
2010-12-13 11:11:50 [ Warning  ] Language file is missing token (FORUM_QA_SUBMIT_NEW_HELP)
2010-12-13 11:11:50 [ Warning  ] Language file is missing token (FORUM_QA_SUBMIT_NEW_BODY_HELP)
2010-12-13 11:11:50 [ Warning  ] Language file is missing token (FORUM_ADD_MY_SIG)
2010-12-13 11:11:50 [ Warning  ] Language file is missing token (FORUM_MESSAGE)
2010-12-13 11:11:50 [ Warning  ] Language file is missing token (FORUM_QA_GOT_PROBLEM_TOO)
2010-12-13 11:11:50 [ Warning  ] Language file is missing token (FORUM_QA_QUESTION_ANSWERED)
2010-12-13 11:11:50 [ Warning  ] Language file is missing token (FORUM_HTML_INFO)
2010-12-13 11:11:50 [ Warning  ] Language file is missing token (FORUM_SEARCH_TITLES)
2010-12-13 11:11:50 [ Warning  ] Language file is missing token (FORUM_SEARCH_BODIES)
2010-12-13 11:11:50 [ Warning  ] Language file is missing token (FORUM_SEARCH_TITLES_NO)
2010-12-13 11:11:50 [ Warning  ] Language file is missing token (FORUM_SEARCH_BODIES_NO)
2010-12-13 11:11:50 [ Warning  ] Language file is missing token (LINKS_QA)
2010-12-13 11:11:50 [ Debug    ] ----------------Compiling de.po---------------
2010-12-13 11:11:50 [ Warning  ] Above line 24: Language file  has a token () that is not defined in the interface.
2010-12-13 11:11:50 [ Warning  ] Language file is missing token (FORUM_ERR_NOT_FOUND)
2010-12-13 11:11:50 [ Warning  ] Language file is missing token (FORUM_ERR_EXPAVG)
2010-12-13 11:11:50 [ Warning  ] Language file is missing token (FORUM_ERR_INTERVAL)
2010-12-13 11:11:50 [ Warning  ] Language file is missing token (FORUM_QA_POST_MESSAGE)
2010-12-13 11:11:50 [ Warning  ] Language file is missing token (FORUM_QA_POST_MESSAGE2)
2010-12-13 11:11:50 [ Warning  ] Language file is missing token (FORUM_QA_POST_MESSAGE3)
2010-12-13 11:11:50 [ Warning  ] Language file is missing token (FORUM_QA_POST_MESSAGE4)
2010-12-13 11:11:50 [ Warning  ] Language file is missing token (FORUM_QA_SUBMIT_NEW)
2010-12-13 11:11:50 [ Warning  ] Language file is missing token (FORUM_SUBMIT_NEW)
2010-12-13 11:11:50 [ Warning  ] Language file is missing token (FORUM_SUBMIT_NEW_TITLE)
2010-12-13 11:11:50 [ Warning  ] Language file is missing token (FORUM_QA_SUBMIT_NEW_HELP)
2010-12-13 11:11:50 [ Warning  ] Language file is missing token (FORUM_QA_SUBMIT_NEW_BODY_HELP)
2010-12-13 11:11:50 [ Warning  ] Language file is missing token (FORUM_ADD_MY_SIG)
2010-12-13 11:11:50 [ Warning  ] Language file is missing token (FORUM_MESSAGE)
2010-12-13 11:11:50 [ Warning  ] Language file is missing token (FORUM_QA_GOT_PROBLEM_TOO)
2010-12-13 11:11:50 [ Warning  ] Language file is missing token (FORUM_QA_QUESTION_ANSWERED)
2010-12-13 11:11:50 [ Warning  ] Language file is missing token (FORUM_HTML_INFO)
2010-12-13 11:11:50 [ Warning  ] Language file is missing token (LINKS_QA)
2010-12-13 11:11:50 [ Debug    ] ----------------Compiling it.po---------------
2010-12-13 11:11:50 [ Warning  ] Above line 20: Language file  has a token () that is not defined in the interface.
2010-12-13 11:11:50 [ Warning  ] Language file is missing token (TEAM_TABLE_MEMBERS)
2010-12-13 11:11:50 [ Warning  ] Language file is missing token (FORUM_ERR_NOT_FOUND)
2010-12-13 11:11:50 [ Warning  ] Language file is missing token (FORUM_ERR_EXPAVG)
2010-12-13 11:11:50 [ Warning  ] Language file is missing token (FORUM_ERR_INTERVAL)
2010-12-13 11:11:50 [ Warning  ] Language file is missing token (FORUM_QA_POST_MESSAGE)
2010-12-13 11:11:50 [ Warning  ] Language file is missing token (FORUM_QA_POST_MESSAGE2)
2010-12-13 11:11:50 [ Warning  ] Language file is missing token (FORUM_QA_POST_MESSAGE3)
2010-12-13 11:11:50 [ Warning  ] Language file is missing token (FORUM_QA_POST_MESSAGE4)
2010-12-13 11:11:50 [ Warning  ] Language file is missing token (FORUM_QA_SUBMIT_NEW)
2010-12-13 11:11:50 [ Warning  ] Language file is missing token (FORUM_SUBMIT_NEW)
2010-12-13 11:11:50 [ Warning  ] Language file is missing token (FORUM_SUBMIT_NEW_TITLE)
2010-12-13 11:11:50 [ Warning  ] Language file is missing token (FORUM_QA_SUBMIT_NEW_HELP)
2010-12-13 11:11:50 [ Warning  ] Language file is missing token (FORUM_QA_SUBMIT_NEW_BODY_HELP)
2010-12-13 11:11:50 [ Warning  ] Language file is missing token (FORUM_ADD_MY_SIG)
2010-12-13 11:11:50 [ Warning  ] Language file is missing token (FORUM_MESSAGE)
2010-12-13 11:11:50 [ Warning  ] Language file is missing token (FORUM_QA_GOT_PROBLEM_TOO)
2010-12-13 11:11:50 [ Warning  ] Language file is missing token (FORUM_QA_QUESTION_ANSWERED)
2010-12-13 11:11:50 [ Warning  ] Language file is missing token (FORUM_HTML_INFO)
2010-12-13 11:11:50 [ Warning  ] Language file is missing token (FORUM_SEARCH_TITLES)
2010-12-13 11:11:50 [ Warning  ] Language file is missing token (FORUM_SEARCH_BODIES)
2010-12-13 11:11:50 [ Warning  ] Language file is missing token (FORUM_SEARCH_TITLES_NO)
2010-12-13 11:11:50 [ Warning  ] Language file is missing token (FORUM_SEARCH_BODIES_NO)
2010-12-13 11:11:50 [ Warning  ] Language file is missing token (LINKS_QA)
2010-12-13 11:11:50 [ Debug    ] ----------------Compiling es.po---------------
2010-12-13 11:11:50 [ Warning  ] Language file is missing token (FORUM_ERR_NOT_FOUND)
2010-12-13 11:11:50 [ Warning  ] Language file is missing token (FORUM_ERR_EXPAVG)
2010-12-13 11:11:50 [ Warning  ] Language file is missing token (FORUM_ERR_INTERVAL)
2010-12-13 11:11:50 [ Warning  ] Language file is missing token (FORUM_QA_POST_MESSAGE)
2010-12-13 11:11:50 [ Warning  ] Language file is missing token (FORUM_QA_POST_MESSAGE2)
2010-12-13 11:11:50 [ Warning  ] Language file is missing token (FORUM_QA_POST_MESSAGE3)
2010-12-13 11:11:50 [ Warning  ] Language file is missing token (FORUM_QA_POST_MESSAGE4)
2010-12-13 11:11:50 [ Warning  ] Language file is missing token (FORUM_QA_SUBMIT_NEW)
2010-12-13 11:11:50 [ Warning  ] Language file is missing token (FORUM_SUBMIT_NEW)
2010-12-13 11:11:50 [ Warning  ] Language file is missing token (FORUM_SUBMIT_NEW_TITLE)
2010-12-13 11:11:50 [ Warning  ] Language file is missing token (FORUM_QA_SUBMIT_NEW_HELP)
2010-12-13 11:11:50 [ Warning  ] Language file is missing token (FORUM_QA_SUBMIT_NEW_BODY_HELP)
2010-12-13 11:11:50 [ Warning  ] Language file is missing token (FORUM_ADD_MY_SIG)
2010-12-13 11:11:50 [ Warning  ] Language file is missing token (FORUM_MESSAGE)
2010-12-13 11:11:50 [ Warning  ] Language file is missing token (FORUM_QA_GOT_PROBLEM_TOO)
2010-12-13 11:11:50 [ Warning  ] Language file is missing token (FORUM_QA_QUESTION_ANSWERED)
2010-12-13 11:11:50 [ Warning  ] Language file is missing token (FORUM_HTML_INFO)
2010-12-13 11:11:50 [ Warning  ] Language file is missing token (LINKS_QA)
2010-12-13 11:11:50 [ Debug    ] ----------------Compiling lt.po---------------
2010-12-13 11:11:50 [ Warning  ] Above line 21: Language file  has a token () that is not defined in the interface.
2010-12-13 11:11:50 [ Warning  ] Language file is missing token (TOP_PARTICIPANT_TITLE)
2010-12-13 11:11:50 [ Warning  ] Language file is missing token (USER_TABLE_RANK)
2010-12-13 11:11:50 [ Warning  ] Language file is missing token (USER_TABLE_NAME)
2010-12-13 11:11:50 [ Warning  ] Language file is missing token (USER_TABLE_TOTAL_CREDIT)
2010-12-13 11:11:50 [ Warning  ] Language file is missing token (USER_TABLE_EXPAVG)
2010-12-13 11:11:50 [ Warning  ] Language file is missing token (USER_TABLE_COUNTRY)
2010-12-13 11:11:50 [ Warning  ] Language file is missing token (USER_TABLE_PTIME)
2010-12-13 11:11:50 [ Warning  ] Language file is missing token (TOP_TEAMS_TITLE)
2010-12-13 11:11:50 [ Warning  ] Language file is missing token (TEAM_TABLE_MEMBERS)
2010-12-13 11:11:50 [ Warning  ] Language file is missing token (FORUM_ERR_NOT_FOUND)
2010-12-13 11:11:50 [ Warning  ] Language file is missing token (FORUM_ERR_EXPAVG)
2010-12-13 11:11:50 [ Warning  ] Language file is missing token (FORUM_ERR_INTERVAL)
2010-12-13 11:11:50 [ Warning  ] Language file is missing token (FORUM_QA_POST_MESSAGE)
2010-12-13 11:11:50 [ Warning  ] Language file is missing token (FORUM_QA_POST_MESSAGE2)
2010-12-13 11:11:50 [ Warning  ] Language file is missing token (FORUM_QA_POST_MESSAGE3)
2010-12-13 11:11:50 [ Warning  ] Language file is missing token (FORUM_QA_POST_MESSAGE4)
2010-12-13 11:11:50 [ Warning  ] Language file is missing token (FORUM_QA_SUBMIT_NEW)
2010-12-13 11:11:50 [ Warning  ] Language file is missing token (FORUM_SUBMIT_NEW)
2010-12-13 11:11:50 [ Warning  ] Language file is missing token (FORUM_SUBMIT_NEW_TITLE)
2010-12-13 11:11:50 [ Warning  ] Language file is missing token (FORUM_QA_SUBMIT_NEW_HELP)
2010-12-13 11:11:50 [ Warning  ] Language file is missing token (FORUM_QA_SUBMIT_NEW_BODY_HELP)
2010-12-13 11:11:50 [ Warning  ] Language file is missing token (FORUM_ADD_MY_SIG)
2010-12-13 11:11:50 [ Warning  ] Language file is missing token (FORUM_MESSAGE)
2010-12-13 11:11:50 [ Warning  ] Language file is missing token (FORUM_QA_GOT_PROBLEM_TOO)
2010-12-13 11:11:50 [ Warning  ] Language file is missing token (FORUM_QA_QUESTION_ANSWERED)
2010-12-13 11:11:50 [ Warning  ] Language file is missing token (FORUM_HTML_INFO)
2010-12-13 11:11:50 [ Warning  ] Language file is missing token (FORUM_SEARCH_TITLES)
2010-12-13 11:11:50 [ Warning  ] Language file is missing token (FORUM_SEARCH_BODIES)
2010-12-13 11:11:50 [ Warning  ] Language file is missing token (FORUM_SEARCH_TITLES_NO)
2010-12-13 11:11:50 [ Warning  ] Language file is missing token (FORUM_SEARCH_BODIES_NO)
2010-12-13 11:11:50 [ Warning  ] Language file is missing token (LINKS_QA)
2010-12-13 11:11:50 [ Debug    ] ----------------Compiling bg.po---------------
2010-12-13 11:11:50 [ Warning  ] Language file is missing token (FORUM_TITLE)
2010-12-13 11:11:50 [ Warning  ] Language file is missing token (TOP_PARTICIPANT_TITLE)
2010-12-13 11:11:50 [ Warning  ] Language file is missing token (USER_TABLE_RANK)
2010-12-13 11:11:50 [ Warning  ] Language file is missing token (USER_TABLE_NAME)
2010-12-13 11:11:50 [ Warning  ] Language file is missing token (USER_TABLE_TOTAL_CREDIT)
2010-12-13 11:11:50 [ Warning  ] Language file is missing token (USER_TABLE_EXPAVG)
2010-12-13 11:11:50 [ Warning  ] Language file is missing token (USER_TABLE_COUNTRY)
2010-12-13 11:11:50 [ Warning  ] Language file is missing token (USER_TABLE_PTIME)
2010-12-13 11:11:50 [ Warning  ] Language file is missing token (TOP_TEAMS_TITLE)
2010-12-13 11:11:50 [ Warning  ] Language file is missing token (TEAM_TABLE_MEMBERS)
2010-12-13 11:11:50 [ Warning  ] Language file is missing token (FORUM_ERR_NOT_FOUND)
2010-12-13 11:11:50 [ Warning  ] Language file is missing token (FORUM_ERR_EXPAVG)
2010-12-13 11:11:50 [ Warning  ] Language file is missing token (FORUM_ERR_INTERVAL)
2010-12-13 11:11:50 [ Warning  ] Language file is missing token (FORUM_QA_POST_MESSAGE)
2010-12-13 11:11:50 [ Warning  ] Language file is missing token (FORUM_QA_POST_MESSAGE2)
2010-12-13 11:11:50 [ Warning  ] Language file is missing token (FORUM_QA_POST_MESSAGE3)
2010-12-13 11:11:50 [ Warning  ] Language file is missing token (FORUM_QA_POST_MESSAGE4)
2010-12-13 11:11:50 [ Warning  ] Language file is missing token (FORUM_QA_SUBMIT_NEW)
2010-12-13 11:11:50 [ Warning  ] Language file is missing token (FORUM_SUBMIT_NEW)
2010-12-13 11:11:50 [ Warning  ] Language file is missing token (FORUM_SUBMIT_NEW_TITLE)
2010-12-13 11:11:50 [ Warning  ] Language file is missing token (FORUM_QA_SUBMIT_NEW_HELP)
2010-12-13 11:11:50 [ Warning  ] Language file is missing token (FORUM_QA_SUBMIT_NEW_BODY_HELP)
2010-12-13 11:11:50 [ Warning  ] Language file is missing token (FORUM_ADD_MY_SIG)
2010-12-13 11:11:50 [ Warning  ] Language file is missing token (FORUM_MESSAGE)
2010-12-13 11:11:50 [ Warning  ] Language file is missing token (FORUM_QA_GOT_PROBLEM_TOO)
2010-12-13 11:11:50 [ Warning  ] Language file is missing token (FORUM_QA_QUESTION_ANSWERED)
2010-12-13 11:11:50 [ Warning  ] Language file is missing token (FORUM_HTML_INFO)
2010-12-13 11:11:50 [ Warning  ] Language file is missing token (FORUM_SEARCH_TITLES)
2010-12-13 11:11:50 [ Warning  ] Language file is missing token (FORUM_SEARCH_BODIES)
2010-12-13 11:11:50 [ Warning  ] Language file is missing token (FORUM_SEARCH_TITLES_NO)
2010-12-13 11:11:50 [ Warning  ] Language file is missing token (FORUM_SEARCH_BODIES_NO)
2010-12-13 11:11:50 [ Warning  ] Language file is missing token (LINKS_QA)
2010-12-13 11:11:50 [ Debug    ] ----------------Compiling ko.po---------------
2010-12-13 11:11:50 [ Warning  ] Above line 21: Language file  has a token () that is not defined in the interface.
2010-12-13 11:11:50 [ Debug    ] ----------------Compiling tr.po---------------
2010-12-13 11:11:50 [ Warning  ] Above line 18: Language file  has a token () that is not defined in the interface.
2010-12-13 11:11:50 [ Warning  ] Language file is missing token (FORUM_TITLE)
2010-12-13 11:11:50 [ Warning  ] Language file is missing token (TOP_PARTICIPANT_TITLE)
2010-12-13 11:11:50 [ Warning  ] Language file is missing token (USER_TABLE_RANK)
2010-12-13 11:11:50 [ Warning  ] Language file is missing token (USER_TABLE_NAME)
2010-12-13 11:11:50 [ Warning  ] Language file is missing token (USER_TABLE_TOTAL_CREDIT)
2010-12-13 11:11:50 [ Warning  ] Language file is missing token (USER_TABLE_EXPAVG)
2010-12-13 11:11:50 [ Warning  ] Language file is missing token (USER_TABLE_COUNTRY)
2010-12-13 11:11:50 [ Warning  ] Language file is missing token (USER_TABLE_PTIME)
2010-12-13 11:11:50 [ Warning  ] Language file is missing token (TOP_TEAMS_TITLE)
2010-12-13 11:11:50 [ Warning  ] Language file is missing token (TEAM_TABLE_MEMBERS)
2010-12-13 11:11:50 [ Warning  ] Language file is missing token (FORUM_ERR_NOT_FOUND)
2010-12-13 11:11:50 [ Warning  ] Language file is missing token (FORUM_ERR_EXPAVG)
2010-12-13 11:11:50 [ Warning  ] Language file is missing token (FORUM_ERR_INTERVAL)
2010-12-13 11:11:50 [ Warning  ] Language file is missing token (FORUM_QA_POST_MESSAGE)
2010-12-13 11:11:50 [ Warning  ] Language file is missing token (FORUM_QA_POST_MESSAGE2)
2010-12-13 11:11:50 [ Warning  ] Language file is missing token (FORUM_QA_POST_MESSAGE3)
2010-12-13 11:11:50 [ Warning  ] Language file is missing token (FORUM_QA_POST_MESSAGE4)
2010-12-13 11:11:50 [ Warning  ] Language file is missing token (FORUM_QA_SUBMIT_NEW)
2010-12-13 11:11:50 [ Warning  ] Language file is missing token (FORUM_SUBMIT_NEW)
2010-12-13 11:11:50 [ Warning  ] Language file is missing token (FORUM_SUBMIT_NEW_TITLE)
2010-12-13 11:11:50 [ Warning  ] Language file is missing token (FORUM_QA_SUBMIT_NEW_HELP)
2010-12-13 11:11:50 [ Warning  ] Language file is missing token (FORUM_QA_SUBMIT_NEW_BODY_HELP)
2010-12-13 11:11:50 [ Warning  ] Language file is missing token (FORUM_ADD_MY_SIG)
2010-12-13 11:11:50 [ Warning  ] Language file is missing token (FORUM_MESSAGE)
2010-12-13 11:11:50 [ Warning  ] Language file is missing token (FORUM_QA_GOT_PROBLEM_TOO)
2010-12-13 11:11:50 [ Warning  ] Language file is missing token (FORUM_QA_QUESTION_ANSWERED)
2010-12-13 11:11:50 [ Warning  ] Language file is missing token (FORUM_HTML_INFO)
2010-12-13 11:11:50 [ Warning  ] Language file is missing token (FORUM_SEARCH_TITLES)
2010-12-13 11:11:50 [ Warning  ] Language file is missing token (FORUM_SEARCH_BODIES)
2010-12-13 11:11:50 [ Warning  ] Language file is missing token (FORUM_SEARCH_TITLES_NO)
2010-12-13 11:11:50 [ Warning  ] Language file is missing token (FORUM_SEARCH_BODIES_NO)
2010-12-13 11:11:50 [ Warning  ] Language file is missing token (LINKS_QA)
2010-12-13 11:11:50 [ Debug    ] ----------------Compiling fr.po---------------
2010-12-13 11:11:50 [ Warning  ] Language file is missing token (FORUM_TITLE)
2010-12-13 11:11:50 [ Warning  ] Language file is missing token (TOP_PARTICIPANT_TITLE)
2010-12-13 11:11:50 [ Warning  ] Language file is missing token (USER_TABLE_RANK)
2010-12-13 11:11:50 [ Warning  ] Language file is missing token (USER_TABLE_NAME)
2010-12-13 11:11:50 [ Warning  ] Language file is missing token (USER_TABLE_TOTAL_CREDIT)
2010-12-13 11:11:50 [ Warning  ] Language file is missing token (USER_TABLE_EXPAVG)
2010-12-13 11:11:50 [ Warning  ] Language file is missing token (USER_TABLE_COUNTRY)
2010-12-13 11:11:50 [ Warning  ] Language file is missing token (USER_TABLE_PTIME)
2010-12-13 11:11:50 [ Warning  ] Language file is missing token (TOP_TEAMS_TITLE)
2010-12-13 11:11:50 [ Warning  ] Language file is missing token (TEAM_TABLE_MEMBERS)
2010-12-13 11:11:50 [ Warning  ] Language file is missing token (FORUM_ERR_NOT_FOUND)
2010-12-13 11:11:50 [ Warning  ] Language file is missing token (FORUM_ERR_EXPAVG)
2010-12-13 11:11:50 [ Warning  ] Language file is missing token (FORUM_ERR_INTERVAL)
2010-12-13 11:11:50 [ Warning  ] Language file is missing token (FORUM_QA_POST_MESSAGE)
2010-12-13 11:11:50 [ Warning  ] Language file is missing token (FORUM_QA_POST_MESSAGE2)
2010-12-13 11:11:50 [ Warning  ] Language file is missing token (FORUM_QA_POST_MESSAGE3)
2010-12-13 11:11:50 [ Warning  ] Language file is missing token (FORUM_QA_POST_MESSAGE4)
2010-12-13 11:11:50 [ Warning  ] Language file is missing token (FORUM_QA_SUBMIT_NEW)
2010-12-13 11:11:50 [ Warning  ] Language file is missing token (FORUM_SUBMIT_NEW)
2010-12-13 11:11:50 [ Warning  ] Language file is missing token (FORUM_SUBMIT_NEW_TITLE)
2010-12-13 11:11:50 [ Warning  ] Language file is missing token (FORUM_QA_SUBMIT_NEW_HELP)
2010-12-13 11:11:50 [ Warning  ] Language file is missing token (FORUM_QA_SUBMIT_NEW_BODY_HELP)
2010-12-13 11:11:50 [ Warning  ] Language file is missing token (FORUM_ADD_MY_SIG)
2010-12-13 11:11:50 [ Warning  ] Language file is missing token (FORUM_MESSAGE)
2010-12-13 11:11:50 [ Warning  ] Language file is missing token (FORUM_QA_GOT_PROBLEM_TOO)
2010-12-13 11:11:50 [ Warning  ] Language file is missing token (FORUM_QA_QUESTION_ANSWERED)
2010-12-13 11:11:50 [ Warning  ] Language file is missing token (FORUM_HTML_INFO)
2010-12-13 11:11:50 [ Warning  ] Language file is missing token (FORUM_SEARCH_TITLES)
2010-12-13 11:11:50 [ Warning  ] Language file is missing token (FORUM_SEARCH_BODIES)
2010-12-13 11:11:50 [ Warning  ] Language file is missing token (FORUM_SEARCH_TITLES_NO)
2010-12-13 11:11:50 [ Warning  ] Language file is missing token (FORUM_SEARCH_BODIES_NO)
2010-12-13 11:11:50 [ Warning  ] Language file is missing token (LINKS_QA)
2010-12-13 11:11:50 [ Debug    ] ----------------Compiling project specific en.po---------------
2010-12-13 11:11:50 [ Warning  ] Above line 26: Language file  has a token () that is not defined in the interface.
2010-12-13 11:11:50 [ Warning  ] Language file is missing token (AC_INVITE_CODE)
2010-12-13 11:11:50 [ Warning  ] Language file is missing token (AC_INVITE_CODE_DESC)
2010-12-13 11:11:50 [ Warning  ] Language file is missing token (CREATE_AC_USE_CLIENT)
2010-12-13 11:11:50 [ Warning  ] Language file is missing token (CREATE_AC_AFFILIATION)
2010-12-13 11:11:50 [ Warning  ] Language file is missing token (CREATE_AC_AFFILIATION_DESC)
